22:13:33:855 [ALWAYS]	GUDE Logging Started
22:13:33:855 [INFO]	SqliteResumeCache::SqliteResumeCache basedirectory is null/empty
22:13:33:855 [ERROR]	SqliteResumeCache::CreateSqliteResumeCache creating resume cache pointer failure
22:13:33:855 [ERROR]	Initialize resume cache pointer failure
22:13:33:856 [INFO]	gude policy POLICY_USER limit (2,2,1) chunk 2097152, chunking (UL 0 DL 1), resXfer 1, adapt 0, NSURL 0, timeout 86400 
22:13:33:856 [INFO]	Initialized -- gude-lib version: v0.12.1 app: gude
22:13:40:171 [WARN]	Ignoring attempt to reinit logging to \gude at level 4 retaining 3 days of logs
22:13:40:171 [INFO]	SqliteResumeCache::SqliteResumeCache basedirectory is null/empty
22:13:40:171 [ERROR]	SqliteResumeCache::CreateSqliteResumeCache creating resume cache pointer failure
22:13:40:171 [ERROR]	Initialize resume cache pointer failure
22:13:40:172 [INFO]	gude policy POLICY_USER limit (4,4,1) chunk 2097152, chunking (UL 0 DL 1), resXfer 1, adapt 0, NSURL 1, timeout 86400 
22:13:40:172 [INFO]	Initialized -- gude-lib version: v0.12.1 app: gude
22:13:54:424 [ALWAYS]	GUDE Logging Started
22:13:54:424 [INFO]	SqliteResumeCache::SqliteResumeCache basedirectory is null/empty
22:13:54:424 [ERROR]	SqliteResumeCache::CreateSqliteResumeCache creating resume cache pointer failure
22:13:54:424 [ERROR]	Initialize resume cache pointer failure
22:13:54:424 [INFO]	gude policy POLICY_USER limit (2,2,1) chunk 2097152, chunking (UL 0 DL 1), resXfer 1, adapt 0, NSURL 0, timeout 86400 
22:13:54:424 [INFO]	Initialized -- gude-lib version: v0.12.1 app: gude
22:14:00:516 [WARN]	Ignoring attempt to reinit logging to \gude at level 4 retaining 3 days of logs
22:14:00:516 [INFO]	SqliteResumeCache::SqliteResumeCache basedirectory is null/empty
22:14:00:516 [ERROR]	SqliteResumeCache::CreateSqliteResumeCache creating resume cache pointer failure
22:14:00:516 [ERROR]	Initialize resume cache pointer failure
22:14:00:516 [INFO]	gude policy POLICY_USER limit (4,4,1) chunk 2097152, chunking (UL 0 DL 1), resXfer 1, adapt 0, NSURL 1, timeout 86400 
22:14:00:516 [INFO]	Initialized -- gude-lib version: v0.12.1 app: gude
